2024-11-15 11:09:01,071 - INFO - Starting the script execution.
2024-11-15 11:09:03,040 - INFO - Outlier Boxplot saved to plots\outliers_boxplot.png
2024-11-15 11:09:03,141 - INFO - Outliers in column Data_Transferred_MB:
      Caller_ID         Timestamp Caller_Location  ... Signal_Strength Time_to_Connect_Seconds  Allocated_Bandwidth_MB
4             5    3/20/2023 0:32         Chennai  ...      -71.757201                8.066584              335.980330
5             6    6/27/2022 1:21       Bengaluru  ...      -55.602384                7.122768              405.564226
9            10     5/9/2023 9:29          Mumbai  ...      -52.420042                9.053446              441.479316
13           14    5/4/2023 18:45       Ahmedabad  ...      -65.761601                9.336708                     NaN
30           31   12/2/2023 18:48           Delhi  ...      -52.530800                2.237688              495.639423
...         ...               ...             ...  ...             ...                     ...                     ...
4974       4975   9/22/2022 21:48           Delhi  ...      -67.941719                1.561967               12.055436
4980       4981    6/3/2023 19:40       Hyderabad  ...      -57.647037                5.412664                5.000000
4998       4999    2/14/2023 5:17           Delhi  ...      -56.855060                6.693430               77.143091
5019       5020  10/16/2022 16:46         Lucknow  ...      -61.346986                7.024469                5.000000
5030       5031  11/28/2022 19:11           Surat  ...      -65.011973                3.542868                5.000000

[661 rows x 15 columns]
2024-11-15 11:09:03,190 - INFO - Outliers in column Allocated_Bandwidth_MB:
      Caller_ID         Timestamp Caller_Location  ... Signal_Strength Time_to_Connect_Seconds  Allocated_Bandwidth_MB
0             1    7/28/2022 3:50           Delhi  ...      -60.720242                6.387926              154.818911
1             2   2/16/2022 12:08           Surat  ...      -55.352954                6.410035              139.903774
2             3    5/4/2023 13:00          Mumbai  ...      -52.457892                1.007009              245.752061
3             4   11/23/2022 8:42         Kolkata  ...      -89.077503                5.722972              136.584737
4             5    3/20/2023 0:32         Chennai  ...      -71.757201                8.066584              335.980330
...         ...               ...             ...  ...             ...                     ...                     ...
5006       5007   10/5/2022 16:56         Chennai  ...      -71.275504                9.860206               82.209770
5014       5015  12/30/2023 23:07       Hyderabad  ...      -69.264072                9.203941               41.313561
5018       5019   1/10/2022 17:16           Delhi  ...      -77.649881                4.047067              115.220074
5022       5023   12/4/2023 20:34          Mumbai  ...      -52.475267                9.696283               62.600080
5029       5030  12/14/2023 14:32           Delhi  ...      -57.926393                4.910779              122.724151

[936 rows x 15 columns]
2024-11-15 11:09:03,580 - INFO - Count Plot for Service_Type saved to plots\Service_Type_countplot.png
2024-11-15 11:09:04,064 - INFO - Count Plot for Network_Tower_ID saved to plots\Network_Tower_ID_countplot.png
2024-11-15 11:09:04,396 - INFO - Count Plot for Customer_Plan saved to plots\Customer_Plan_countplot.png
2024-11-15 11:09:04,709 - INFO - Count Plot for Call_Direction saved to plots\Call_Direction_countplot.png
2024-11-15 11:09:05,071 - INFO - Count Plot for Roaming_Status saved to plots\Roaming_Status_countplot.png
2024-11-15 11:09:05,450 - INFO - Count Plot for Network_Congestion_Level saved to plots\Network_Congestion_Level_countplot.png
2024-11-15 11:09:05,882 - INFO - Count Plot for Caller_Location saved to plots\Caller_Location_countplot.png
2024-11-15 11:09:06,161 - INFO - Count Plot for Receiver_Location saved to plots\Receiver_Location_countplot.png
2024-11-15 11:09:06,692 - INFO - Monthly Call Volume plot saved to plots\monthly_call_volume.png
2024-11-15 11:09:06,745 - INFO - ADF Statistic: -2.703889400926945
2024-11-15 11:09:06,746 - INFO - p-value: 0.07336764765980701
2024-11-15 11:09:06,746 - INFO - The data is non-stationary.
2024-11-15 11:09:08,731 - INFO - Seasonal Decomposition plot for Call_Duration_Seconds saved to plots\seasonal_decomposition_Call_Duration_Seconds.png
2024-11-15 11:09:09,255 - INFO - KMeans clustering completed with 3 clusters.
2024-11-15 11:09:09,259 - INFO - Cluster 0: ['2 0', '2 1', '2 10', '2 11', '2 2', '2 3', '2 4', '2 5', '2 6', '2 7', '2 8', '2 9', '3 0', '3 1', '3 10', '3 11', '3 2', '3 3', '3 4', '3 5', '3 6', '3 7', '3 8', '3 9', '4 0', '4 1', '4 10', '4 11', '4 2', '4 3', '4 4', '4 5', '4 6', '4 7', '4 8', '4 9', '5 0', '5 1', '5 10', '5 11', '5 2', '5 3', '5 4', '5 5', '5 6', '5 7', '5 8']
2024-11-15 11:09:09,261 - INFO - Cluster 1: ['0 0', '0 1', '0 10', '0 11', '0 2', '0 3', '0 4', '0 5', '0 6', '0 7', '0 8', '0 9', '1 0', '1 1', '1 10', '1 11', '1 2', '1 3', '1 4', '1 5', '1 6', '1 7', '1 8', '1 9', '10 0', '10 1', '10 10', '10 11', '10 2', '10 3', '10 4', '10 5', '10 6', '10 7', '10 8', '10 9', '11 0', '11 1', '11 10', '11 11', '11 2', '11 3', '11 4', '11 5', '11 6', '11 7', '11 8', '11 9']
2024-11-15 11:09:09,263 - INFO - Cluster 2: ['5 9', '6 0', '6 1', '6 10', '6 11', '6 2', '6 3', '6 4', '6 5', '6 6', '6 7', '6 8', '6 9', '7 0', '7 1', '7 10', '7 11', '7 2', '7 3', '7 4', '7 5', '7 6', '7 7', '7 8', '7 9', '8 0', '8 1', '8 10', '8 11', '8 2', '8 3', '8 4', '8 5', '8 6', '8 7', '8 8', '8 9', '9 0', '9 1', '9 10', '9 11', '9 2', '9 3', '9 4', '9 5', '9 6', '9 7', '9 8', '9 9']
2024-11-15 11:09:10,577 - INFO - XGBoost - Mean Squared Error: 728.3465498568232, R Score: 0.8402849212109504
2024-11-15 11:09:10,928 - INFO - Fold 1 - Mean Squared Error: 728.3465498568232, R Score: 0.8402849212109503
2024-11-15 11:09:11,274 - INFO - Fold 2 - Mean Squared Error: 755.6001603216966, R Score: 0.8122483403127686
2024-11-15 11:09:11,635 - INFO - Fold 3 - Mean Squared Error: 691.7190383802731, R Score: 0.8024576177485643
2024-11-15 11:09:12,018 - INFO - Fold 4 - Mean Squared Error: 752.7509703405642, R Score: 0.8104689314958367
2024-11-15 11:09:12,383 - INFO - Fold 5 - Mean Squared Error: 624.1956777084735, R Score: 0.8510336873971419
2024-11-15 11:09:12,384 - INFO - Average Mean Squared Error (MSE): 710.522479321566
2024-11-15 11:09:12,384 - INFO - Average R Score: 0.8232986996330522
